
> copy-of-dream-city-restaurant@0.0.0 build
> ng build

[33mظإ»[39m Building...
[32mظ£¤[39m Building...
[1mInitial chunk files[22m[2m | [22m[1mNames[22m                          [2m | [22m [1mRaw size[22m[2m | [22m[1mEstimated transfer size[22m
[32mchunk-56HMNKNW.js[39m  [2m | [22m[2m-[22m                              [2m | [22m[36m286.46 kB[39m[2m | [22m               [36m46.06 kB[39m
[32mmain-BUF3KWDU.js[39m   [2m | [22m[2mmain[22m                           [2m | [22m[36m163.90 kB[39m[2m | [22m               [36m31.80 kB[39m
[32mchunk-ARLMZB2M.js[39m  [2m | [22m[2m-[22m                              [2m | [22m[36m162.12 kB[39m[2m | [22m               [36m48.20 kB[39m
[32mchunk-P2JY4WF5.js[39m  [2m | [22m[2m-[22m                              [2m | [22m[36m151.16 kB[39m[2m | [22m               [36m38.07 kB[39m
[32mchunk-7AFQCXFL.js[39m  [2m | [22m[2m-[22m                              [2m | [22m [36m86.12 kB[39m[2m | [22m               [36m21.82 kB[39m
[32mchunk-4DZPSYNE.js[39m  [2m | [22m[2m-[22m                              [2m | [22m [36m79.81 kB[39m[2m | [22m               [36m11.60 kB[39m
[32mchunk-HRJD27OC.js[39m  [2m | [22m[2m-[22m                              [2m | [22m [36m39.45 kB[39m[2m | [22m                [36m9.11 kB[39m
[32mchunk-ZPITNZCM.js[39m  [2m | [22m[2m-[22m                              [2m | [22m [36m35.77 kB[39m[2m | [22m                [36m7.57 kB[39m
[32mstyles-W26EOPQG.css[39m[2m | [22m[2mstyles[22m                         [2m | [22m [36m21.34 kB[39m[2m | [22m                [36m4.66 kB[39m
[32mchunk-TQNIIULY.js[39m  [2m | [22m[2m-[22m                              [2m | [22m [36m19.82 kB[39m[2m | [22m                [36m5.93 kB[39m
[32mchunk-E6TGZIGP.js[39m  [2m | [22m[2m-[22m                              [2m | [22m  [36m1.15 kB[39m[2m | [22m              [36m508 bytes[39m

[1m [22m                  [2m | [22m[1mInitial total[22m                  [2m | [22m  [1m1.05 MB[22m[2m | [22m              [1m225.34 kB[22m

[1mLazy chunk files[22m   [2m | [22m[1mNames[22m                          [2m | [22m [1mRaw size[22m[2m | [22m[1mEstimated transfer size[22m
[32mchunk-JS3L5544.js[39m  [2m | [22m[2manalytics-component[22m            [2m | [22m  [36m1.47 MB[39m[2m | [22m              [36m357.36 kB[39m
[32mchunk-XFWL7J2M.js[39m  [2m | [22m[2mhtml2canvas[22m                    [2m | [22m[36m202.84 kB[39m[2m | [22m               [36m38.44 kB[39m
[32mchunk-NCUIMQ56.js[39m  [2m | [22m[2mdashboard-component[22m            [2m | [22m[36m166.18 kB[39m[2m | [22m               [36m27.61 kB[39m
[32mchunk-RFHH7OGH.js[39m  [2m | [22m[2mindex-es[22m                       [2m | [22m[36m158.88 kB[39m[2m | [22m               [36m46.96 kB[39m
[32mchunk-3XKQKCPM.js[39m  [2m | [22m[2mdriver-dashboard-component[22m     [2m | [22m [36m24.79 kB[39m[2m | [22m                [36m6.06 kB[39m
[32mchunk-TO4YO3K4.js[39m  [2m | [22m[2mpurify-es[22m                      [2m | [22m [36m22.52 kB[39m[2m | [22m                [36m7.77 kB[39m
[32mchunk-AL2DUJAK.js[39m  [2m | [22m[2mpromotions-management-component[22m[2m | [22m  [36m8.91 kB[39m[2m | [22m                [36m2.57 kB[39m
[32mchunk-Y34WPAVR.js[39m  [2m | [22m[2mkds-component[22m                  [2m | [22m  [36m8.37 kB[39m[2m | [22m                [36m2.45 kB[39m
[32mchunk-IM7HQ3IZ.js[39m  [2m | [22m[2mqr-order-component[22m             [2m | [22m  [36m8.14 kB[39m[2m | [22m                [36m2.32 kB[39m
[32mchunk-DVYD3BJZ.js[39m  [2m | [22m[2m-[22m                              [2m | [22m  [36m2.79 kB[39m[2m | [22m                [36m1.05 kB[39m
[32mchunk-3I4ER3FU.js[39m  [2m | [22m[2m-[22m                              [2m | [22m[36m905 bytes[39m[2m | [22m              [36m905 bytes[39m
[32mchunk-FK6H3RFT.js[39m  [2m | [22m[2m-[22m                              [2m | [22m[36m272 bytes[39m[2m | [22m              [36m272 bytes[39m

Application bundle generation complete. [68.440 seconds] - 2026-05-08T23:08:34.636Z

ظû▓ [WARNING] NG8113: RouterLink is not used within the template of AppComponent [plugin angular-compiler]

    src/app.component.ts:11:12:
      11 ظ¤é   imports: [RouterLink, RouterLinkActive, RouterOutlet, AuthModalC...
         ظـ╡             ~~~~~~~~~~


ظû▓ [WARNING] NG8113: RouterLinkActive is not used within the template of AppComponent [plugin angular-compiler]

    src/app.component.ts:11:24:
      11 ظ¤é   imports: [RouterLink, RouterLinkActive, RouterOutlet, AuthModalC...
         ظـ╡                         ~~~~~~~~~~~~~~~~


ظû▓ [WARNING] Module 'leaflet' used by 'src/components/driver-dashboard/driver-dashboard.component.ts' is not ESM

  CommonJS or AMD dependencies can cause optimization bailouts.
  For more information see: https://angular.dev/tools/cli/build#configuring-commonjs-dependencies


ظû▓ [WARNING] Module 'core-js/modules/es.promise.js' used by 'node_modules/canvg/lib/index.es.js' is not ESM

  CommonJS or AMD dependencies can cause optimization bailouts.
  For more information see: https://angular.dev/tools/cli/build#configuring-commonjs-dependencies


ظû▓ [WARNING] Module 'core-js/modules/es.string.match.js' used by 'node_modules/canvg/lib/index.es.js' is not ESM

  CommonJS or AMD dependencies can cause optimization bailouts.
  For more information see: https://angular.dev/tools/cli/build#configuring-commonjs-dependencies


ظû▓ [WARNING] Module 'core-js/modules/es.string.replace.js' used by 'node_modules/canvg/lib/index.es.js' is not ESM

  CommonJS or AMD dependencies can cause optimization bailouts.
  For more information see: https://angular.dev/tools/cli/build#configuring-commonjs-dependencies


ظû▓ [WARNING] Module 'core-js/modules/es.string.starts-with.js' used by 'node_modules/canvg/lib/index.es.js' is not ESM

  CommonJS or AMD dependencies can cause optimization bailouts.
  For more information see: https://angular.dev/tools/cli/build#configuring-commonjs-dependencies


ظû▓ [WARNING] Module 'core-js/modules/es.array.iterator.js' used by 'node_modules/canvg/lib/index.es.js' is not ESM

  CommonJS or AMD dependencies can cause optimization bailouts.
  For more information see: https://angular.dev/tools/cli/build#configuring-commonjs-dependencies


ظû▓ [WARNING] Module 'core-js/modules/web.dom-collections.iterator.js' used by 'node_modules/canvg/lib/index.es.js' is not ESM

  CommonJS or AMD dependencies can cause optimization bailouts.
  For more information see: https://angular.dev/tools/cli/build#configuring-commonjs-dependencies


ظû▓ [WARNING] Module 'core-js/modules/es.array.reduce.js' used by 'node_modules/canvg/lib/index.es.js' is not ESM

  CommonJS or AMD dependencies can cause optimization bailouts.
  For more information see: https://angular.dev/tools/cli/build#configuring-commonjs-dependencies


ظû▓ [WARNING] Module 'core-js/modules/es.string.ends-with.js' used by 'node_modules/canvg/lib/index.es.js' is not ESM

  CommonJS or AMD dependencies can cause optimization bailouts.
  For more information see: https://angular.dev/tools/cli/build#configuring-commonjs-dependencies


ظû▓ [WARNING] Module 'core-js/modules/es.string.split.js' used by 'node_modules/canvg/lib/index.es.js' is not ESM

  CommonJS or AMD dependencies can cause optimization bailouts.
  For more information see: https://angular.dev/tools/cli/build#configuring-commonjs-dependencies


ظû▓ [WARNING] Module 'raf' used by 'node_modules/canvg/lib/index.es.js' is not ESM

  CommonJS or AMD dependencies can cause optimization bailouts.
  For more information see: https://angular.dev/tools/cli/build#configuring-commonjs-dependencies


ظû▓ [WARNING] Module 'core-js/modules/es.string.trim.js' used by 'node_modules/canvg/lib/index.es.js' is not ESM

  CommonJS or AMD dependencies can cause optimization bailouts.
  For more information see: https://angular.dev/tools/cli/build#configuring-commonjs-dependencies


ظû▓ [WARNING] Module 'rgbcolor' used by 'node_modules/canvg/lib/index.es.js' is not ESM

  CommonJS or AMD dependencies can cause optimization bailouts.
  For more information see: https://angular.dev/tools/cli/build#configuring-commonjs-dependencies


ظû▓ [WARNING] Module 'core-js/modules/es.array.index-of.js' used by 'node_modules/canvg/lib/index.es.js' is not ESM

  CommonJS or AMD dependencies can cause optimization bailouts.
  For more information see: https://angular.dev/tools/cli/build#configuring-commonjs-dependencies


ظû▓ [WARNING] Module 'core-js/modules/es.string.includes.js' used by 'node_modules/canvg/lib/index.es.js' is not ESM

  CommonJS or AMD dependencies can cause optimization bailouts.
  For more information see: https://angular.dev/tools/cli/build#configuring-commonjs-dependencies


ظû▓ [WARNING] Module 'core-js/modules/es.array.reverse.js' used by 'node_modules/canvg/lib/index.es.js' is not ESM

  CommonJS or AMD dependencies can cause optimization bailouts.
  For more information see: https://angular.dev/tools/cli/build#configuring-commonjs-dependencies


ظû▓ [WARNING] Module 'core-js/modules/es.regexp.to-string.js' used by 'node_modules/canvg/lib/index.es.js' is not ESM

  CommonJS or AMD dependencies can cause optimization bailouts.
  For more information see: https://angular.dev/tools/cli/build#configuring-commonjs-dependencies


ظû▓ [WARNING] Module 'exceljs' used by 'src/components/dashboard/analytics/analytics.component.ts' is not ESM

  CommonJS or AMD dependencies can cause optimization bailouts.
  For more information see: https://angular.dev/tools/cli/build#configuring-commonjs-dependencies


ظû▓ [WARNING] Module 'html2canvas' used by 'node_modules/jspdf/dist/jspdf.es.min.js' is not ESM

  CommonJS or AMD dependencies can cause optimization bailouts.
  For more information see: https://angular.dev/tools/cli/build#configuring-commonjs-dependencies


ظû▓ [WARNING] Module 'p-retry' used by 'node_modules/@google/genai/dist/web/index.mjs' is not ESM

  CommonJS or AMD dependencies can cause optimization bailouts.
  For more information see: https://angular.dev/tools/cli/build#configuring-commonjs-dependencies


Output location: D:\╪ز┘╪▓┘è┘\┘à╪ش┘╪» ╪ش╪»┘è╪»\╪»╪▒┘è┘à ╪د┘╪ش╪»┘è╪»\dist

